go->(-1, -1)
{->(-1, -1)
number->(-1, -1)
id->(11, 0)
;->(-1, -1)
cin->(-1, -1)
>>->(-1, -1)
id->(11, 0)
;->(-1, -1)
number->(-1, -1)
id->(12, 0)
;->(-1, -1)
id->(12, 0)
=->(-1, -1)
const->(1, 0)
;->(-1, -1)
if->(-1, -1)
(->(-1, -1)
id->(11, 0)
<->(-1, -1)
const->(2, 0)
or->(-1, -1)
id->(11, 0)
>->(-1, -1)
const->(2, 0)
and->(-1, -1)
id->(11, 0)
%->(-1, -1)
const->(2, 0)
==->(-1, -1)
const->(0, 0)
)->(-1, -1)
{->(-1, -1)
id->(12, 0)
=->(-1, -1)
const->(0, 0)
;->(-1, -1)
}->(-1, -1)
for->(-1, -1)
(->(-1, -1)
id->(1, 1)
=->(-1, -1)
const->(3, 0)
;->(-1, -1)
id->(1, 1)
*->(-1, -1)
id->(1, 1)
<=->(-1, -1)
id->(11, 0)
;->(-1, -1)
id->(1, 1)
=->(-1, -1)
id->(1, 1)
+->(-1, -1)
const->(2, 0)
)->(-1, -1)
{->(-1, -1)
if->(-1, -1)
(->(-1, -1)
id->(11, 0)
%->(-1, -1)
id->(1, 1)
==->(-1, -1)
const->(0, 0)
)->(-1, -1)
{->(-1, -1)
id->(12, 0)
=->(-1, -1)
const->(0, 0)
;->(-1, -1)
}->(-1, -1)
}->(-1, -1)
if->(-1, -1)
(->(-1, -1)
id->(12, 0)
==->(-1, -1)
const->(1, 0)
)->(-1, -1)
{->(-1, -1)
cout->(-1, -1)
<<->(-1, -1)
const->(8, 0)
;->(-1, -1)
}->(-1, -1)
else->(-1, -1)
{->(-1, -1)
cout->(-1, -1)
<<->(-1, -1)
const->(8, 1)
;->(-1, -1)
}->(-1, -1)
